objc[31160]: Class AXEmojiUtilities is implemented in both /Applications/Xcode.app/Contents/Developer/Platforms/iPhoneSimulator.platform/Developer/SDKs/iPhoneSimulator7.0.sdk/System/Library/PrivateFrameworks/AccessibilityUtilities.framework/AccessibilityUtilities and /Applications/Xcode.app/Contents/Developer/Platforms/iPhoneSimulator.platform/Developer/SDKs/iPhoneSimulator7.0.sdk/usr/lib/libAXSpeechManager.dylib. One of the two will be used. Which one is undefined.
2014-03-27 10:53:48.600 HelloWorld[31160:a0b] Cannot find executable for CFBundle 0xa363850 </Applications/Xcode.app/Contents/Developer/Platforms/iPhoneSimulator.platform/Developer/SDKs/iPhoneSimulator7.0.sdk/System/Library/AccessibilityBundles/CertUIFramework.axbundle> (not loaded)
2014-03-27 10:53:48.634 HelloWorld[31160:a0b] Cannot find executable for CFBundle 0xb49fe90 </Applications/Xcode.app/Contents/Developer/Platforms/iPhoneSimulator.platform/Developer/SDKs/iPhoneSimulator7.0.sdk/System/Library/AccessibilityBundles/GeoServices.axbundle> (not loaded)
2014-03-27 10:53:48.788 HelloWorld[31160:a0b] Multi-tasking -> Device: YES, App: YES
2014-03-27 10:53:51.284 HelloWorld[31160:a0b] Resetting plugins due to page load.
2014-03-27 10:53:52.087 HelloWorld[31160:a0b] Finished load of: file:///Users/ryantremaine/Library/Application%20Support/iPhone%20Simulator/7.0.3/Applications/F8FE7152-FF61-4045-874C-23995C0936C4/HelloWorld.app/www/index.html
objc[27412]: Class AXEmojiUtilities is implemented in both /Applications/Xcode.app/Contents/Developer/Platforms/iPhoneSimulator.platform/Developer/SDKs/iPhoneSimulator7.0.sdk/System/Library/PrivateFrameworks/AccessibilityUtilities.framework/AccessibilityUtilities and /Applications/Xcode.app/Contents/Developer/Platforms/iPhoneSimulator.platform/Developer/SDKs/iPhoneSimulator7.0.sdk/usr/lib/libAXSpeechManager.dylib. One of the two will be used. Which one is undefined.
2014-03-27 13:50:24.221 HelloWorld[27412:80b] Cannot find executable for CFBundle 0xa67c550 </Applications/Xcode.app/Contents/Developer/Platforms/iPhoneSimulator.platform/Developer/SDKs/iPhoneSimulator7.0.sdk/System/Library/AccessibilityBundles/CertUIFramework.axbundle> (not loaded)
2014-03-27 13:50:24.249 HelloWorld[27412:80b] Cannot find executable for CFBundle 0xa4b2100 </Applications/Xcode.app/Contents/Developer/Platforms/iPhoneSimulator.platform/Developer/SDKs/iPhoneSimulator7.0.sdk/System/Library/AccessibilityBundles/GeoServices.axbundle> (not loaded)
2014-03-27 13:50:24.316 HelloWorld[27412:80b] Multi-tasking -> Device: YES, App: YES
2014-03-27 13:50:24.944 HelloWorld[27412:80b] Resetting plugins due to page load.
2014-03-27 13:50:25.071 HelloWorld[27412:80b] Finished load of: file:///Users/rtremaine/Library/Application%20Support/iPhone%20Simulator/7.0.3/Applications/60F95636-459E-4F33-A633-3C73357F541F/HelloWorld.app/www/index.html
objc[27830]: Class AXEmojiUtilities is implemented in both /Applications/Xcode.app/Contents/Developer/Platforms/iPhoneSimulator.platform/Developer/SDKs/iPhoneSimulator7.0.sdk/System/Library/PrivateFrameworks/AccessibilityUtilities.framework/AccessibilityUtilities and /Applications/Xcode.app/Contents/Developer/Platforms/iPhoneSimulator.platform/Developer/SDKs/iPhoneSimulator7.0.sdk/usr/lib/libAXSpeechManager.dylib. One of the two will be used. Which one is undefined.
2014-03-27 14:29:25.772 HelloWorld[27830:80b] Cannot find executable for CFBundle 0xa679850 </Applications/Xcode.app/Contents/Developer/Platforms/iPhoneSimulator.platform/Developer/SDKs/iPhoneSimulator7.0.sdk/System/Library/AccessibilityBundles/GeoServices.axbundle> (not loaded)
2014-03-27 14:29:25.791 HelloWorld[27830:80b] Cannot find executable for CFBundle 0xa5608d0 </Applications/Xcode.app/Contents/Developer/Platforms/iPhoneSimulator.platform/Developer/SDKs/iPhoneSimulator7.0.sdk/System/Library/AccessibilityBundles/CertUIFramework.axbundle> (not loaded)
2014-03-27 14:29:25.858 HelloWorld[27830:80b] Multi-tasking -> Device: YES, App: YES
2014-03-27 14:29:26.069 HelloWorld[27830:80b] Resetting plugins due to page load.
2014-03-27 14:29:26.407 HelloWorld[27830:80b] Finished load of: file:///Users/rtremaine/Library/Application%20Support/iPhone%20Simulator/7.0.3/Applications/60F95636-459E-4F33-A633-3C73357F541F/HelloWorld.app/www/index.html
objc[28128]: Class AXEmojiUtilities is implemented in both /Applications/Xcode.app/Contents/Developer/Platforms/iPhoneSimulator.platform/Developer/SDKs/iPhoneSimulator7.0.sdk/System/Library/PrivateFrameworks/AccessibilityUtilities.framework/AccessibilityUtilities and /Applications/Xcode.app/Contents/Developer/Platforms/iPhoneSimulator.platform/Developer/SDKs/iPhoneSimulator7.0.sdk/usr/lib/libAXSpeechManager.dylib. One of the two will be used. Which one is undefined.
2014-03-27 14:30:13.236 HelloWorld[28128:80b] Cannot find executable for CFBundle 0xa476bb0 </Applications/Xcode.app/Contents/Developer/Platforms/iPhoneSimulator.platform/Developer/SDKs/iPhoneSimulator7.0.sdk/System/Library/AccessibilityBundles/GeoServices.axbundle> (not loaded)
2014-03-27 14:30:13.250 HelloWorld[28128:80b] Cannot find executable for CFBundle 0xa55ff30 </Applications/Xcode.app/Contents/Developer/Platforms/iPhoneSimulator.platform/Developer/SDKs/iPhoneSimulator7.0.sdk/System/Library/AccessibilityBundles/CertUIFramework.axbundle> (not loaded)
2014-03-27 14:30:13.293 HelloWorld[28128:80b] Multi-tasking -> Device: YES, App: YES
2014-03-27 14:30:13.388 HelloWorld[28128:80b] Resetting plugins due to page load.
2014-03-27 14:30:13.594 HelloWorld[28128:80b] Finished load of: file:///Users/rtremaine/Library/Application%20Support/iPhone%20Simulator/7.0.3/Applications/60F95636-459E-4F33-A633-3C73357F541F/HelloWorld.app/www/index.html
objc[28447]: Class AXEmojiUtilities is implemented in both /Applications/Xcode.app/Contents/Developer/Platforms/iPhoneSimulator.platform/Developer/SDKs/iPhoneSimulator7.0.sdk/System/Library/PrivateFrameworks/AccessibilityUtilities.framework/AccessibilityUtilities and /Applications/Xcode.app/Contents/Developer/Platforms/iPhoneSimulator.platform/Developer/SDKs/iPhoneSimulator7.0.sdk/usr/lib/libAXSpeechManager.dylib. One of the two will be used. Which one is undefined.
2014-03-27 14:30:41.232 HelloWorld[28447:80b] Cannot find executable for CFBundle 0xa591140 </Applications/Xcode.app/Contents/Developer/Platforms/iPhoneSimulator.platform/Developer/SDKs/iPhoneSimulator7.0.sdk/System/Library/AccessibilityBundles/CertUIFramework.axbundle> (not loaded)
2014-03-27 14:30:41.265 HelloWorld[28447:80b] Cannot find executable for CFBundle 0xa7ba220 </Applications/Xcode.app/Contents/Developer/Platforms/iPhoneSimulator.platform/Developer/SDKs/iPhoneSimulator7.0.sdk/System/Library/AccessibilityBundles/GeoServices.axbundle> (not loaded)
2014-03-27 14:30:41.321 HelloWorld[28447:80b] Multi-tasking -> Device: YES, App: YES
2014-03-27 14:30:41.677 HelloWorld[28447:80b] Resetting plugins due to page load.
2014-03-27 14:30:42.053 HelloWorld[28447:80b] Finished load of: file:///Users/rtremaine/Library/Application%20Support/iPhone%20Simulator/7.0.3/Applications/60F95636-459E-4F33-A633-3C73357F541F/HelloWorld.app/www/index.html
objc[28879]: Class AXEmojiUtilities is implemented in both /Applications/Xcode.app/Contents/Developer/Platforms/iPhoneSimulator.platform/Developer/SDKs/iPhoneSimulator7.0.sdk/System/Library/PrivateFrameworks/AccessibilityUtilities.framework/AccessibilityUtilities and /Applications/Xcode.app/Contents/Developer/Platforms/iPhoneSimulator.platform/Developer/SDKs/iPhoneSimulator7.0.sdk/usr/lib/libAXSpeechManager.dylib. One of the two will be used. Which one is undefined.
2014-03-27 14:58:00.328 HelloWorld[28879:80b] Cannot find executable for CFBundle 0xa5e4ad0 </Applications/Xcode.app/Contents/Developer/Platforms/iPhoneSimulator.platform/Developer/SDKs/iPhoneSimulator7.0.sdk/System/Library/AccessibilityBundles/CertUIFramework.axbundle> (not loaded)
2014-03-27 14:58:00.355 HelloWorld[28879:80b] Cannot find executable for CFBundle 0xa79def0 </Applications/Xcode.app/Contents/Developer/Platforms/iPhoneSimulator.platform/Developer/SDKs/iPhoneSimulator7.0.sdk/System/Library/AccessibilityBundles/GeoServices.axbundle> (not loaded)
2014-03-27 14:58:00.394 HelloWorld[28879:80b] Multi-tasking -> Device: YES, App: YES
2014-03-27 14:58:00.519 HelloWorld[28879:80b] Resetting plugins due to page load.
2014-03-27 14:58:00.840 HelloWorld[28879:80b] Finished load of: file:///Users/rtremaine/Library/Application%20Support/iPhone%20Simulator/7.0.3/Applications/60F95636-459E-4F33-A633-3C73357F541F/HelloWorld.app/www/index.html
objc[29229]: Class AXEmojiUtilities is implemented in both /Applications/Xcode.app/Contents/Developer/Platforms/iPhoneSimulator.platform/Developer/SDKs/iPhoneSimulator7.0.sdk/System/Library/PrivateFrameworks/AccessibilityUtilities.framework/AccessibilityUtilities and /Applications/Xcode.app/Contents/Developer/Platforms/iPhoneSimulator.platform/Developer/SDKs/iPhoneSimulator7.0.sdk/usr/lib/libAXSpeechManager.dylib. One of the two will be used. Which one is undefined.
2014-03-27 14:58:47.727 HelloWorld[29229:80b] Cannot find executable for CFBundle 0xa7c09d0 </Applications/Xcode.app/Contents/Developer/Platforms/iPhoneSimulator.platform/Developer/SDKs/iPhoneSimulator7.0.sdk/System/Library/AccessibilityBundles/GeoServices.axbundle> (not loaded)
2014-03-27 14:58:47.751 HelloWorld[29229:80b] Cannot find executable for CFBundle 0xa7f7480 </Applications/Xcode.app/Contents/Developer/Platforms/iPhoneSimulator.platform/Developer/SDKs/iPhoneSimulator7.0.sdk/System/Library/AccessibilityBundles/CertUIFramework.axbundle> (not loaded)
2014-03-27 14:58:47.794 HelloWorld[29229:80b] Multi-tasking -> Device: YES, App: YES
2014-03-27 14:58:48.012 HelloWorld[29229:80b] Resetting plugins due to page load.
2014-03-27 14:58:48.532 HelloWorld[29229:80b] Finished load of: file:///Users/rtremaine/Library/Application%20Support/iPhone%20Simulator/7.0.3/Applications/60F95636-459E-4F33-A633-3C73357F541F/HelloWorld.app/www/index.html
